# JRE version: Java(TM) SE Runtime Environment 18.9 (11.0.15+8) (build 11.0.15+8-LTS-149)
# Java VM: Java HotSpot(TM) 64-Bit Server VM 18.9 (11.0.15+8-LTS-149, mixed mode, tiered, compressed oops, g1 gc, windows-amd64)
Heap:
 garbage-first heap   total 315392K, used 254435K [0x0000000080000000, 0x0000000100000000)
  region size 1024K, 99 young (101376K), 5 survivors (5120K)
 Metaspace       used 128845K, capacity 132498K, committed 132600K, reserved 632832K
  class space    used 16273K, capacity 17692K, committed 17740K, reserved 516096K
GC Heap History (10 events):
Event: 186.799 GC heap before
{Heap before GC invocations=61 (full 0):
 garbage-first heap   total 315392K, used 258621K [0x0000000080000000, 0x0000000100000000)
  region size 1024K, 99 young (101376K), 8 survivors (8192K)
 Metaspace       used 124437K, capacity 128045K, committed 128120K, reserved 628736K
  class space    used 15693K, capacity 17054K, committed 17100K, reserved 516096K
}
Event: 186.815 GC heap after
{Heap after GC invocations=62 (full 0):
 garbage-first heap   total 315392K, used 164069K [0x0000000080000000, 0x0000000100000000)
  region size 1024K, 2 young (2048K), 2 survivors (2048K)
 Metaspace       used 124437K, capacity 128045K, committed 128120K, reserved 628736K
  class space    used 15693K, capacity 17054K, committed 17100K, reserved 516096K
}
Event: 187.076 GC heap before
{Heap before GC invocations=62 (full 0):
 garbage-first heap   total 315392K, used 177381K [0x0000000080000000, 0x0000000100000000)
  region size 1024K, 15 young (15360K), 2 survivors (2048K)
 Metaspace       used 124437K, capacity 128045K, committed 128120K, reserved 628736K
  class space    used 15693K, capacity 17054K, committed 17100K, reserved 516096K
}
Event: 187.276 GC heap after
{Heap after GC invocations=63 (full 0):
 garbage-first heap   total 315392K, used 150286K [0x0000000080000000, 0x0000000100000000)
  region size 1024K, 1 young (1024K), 1 survivors (1024K)
 Metaspace       used 124437K, capacity 128045K, committed 128120K, reserved 628736K
  class space    used 15693K, capacity 17054K, committed 17100K, reserved 516096K
}
Event: 189.193 GC heap before
{Heap before GC invocations=63 (full 0):
 garbage-first heap   total 315392K, used 256782K [0x0000000080000000, 0x0000000100000000)
  region size 1024K, 104 young (106496K), 1 survivors (1024K)
 Metaspace       used 124496K, capacity 128073K, committed 128120K, reserved 628736K
  class space    used 15699K, capacity 17062K, committed 17100K, reserved 516096K
}
Event: 189.208 GC heap after
{Heap after GC invocations=64 (full 0):
 garbage-first heap   total 315392K, used 151880K [0x0000000080000000, 0x0000000100000000)
  region size 1024K, 3 young (3072K), 3 survivors (3072K)
 Metaspace       used 124496K, capacity 128073K, committed 128120K, reserved 628736K
  class space    used 15699K, capacity 17062K, committed 17100K, reserved 516096K
}
Event: 190.749 GC heap before
{Heap before GC invocations=64 (full 0):
 garbage-first heap   total 315392K, used 258376K [0x0000000080000000, 0x0000000100000000)
  region size 1024K, 107 young (109568K), 3 survivors (3072K)
 Metaspace       used 124764K, capacity 128300K, committed 128504K, reserved 628736K
  class space    used 15733K, capacity 17095K, committed 17228K, reserved 516096K
}
Event: 190.756 GC heap after
{Heap after GC invocations=65 (full 0):
 garbage-first heap   total 315392K, used 153861K [0x0000000080000000, 0x0000000100000000)
  region size 1024K, 5 young (5120K), 5 survivors (5120K)
 Metaspace       used 124764K, capacity 128300K, committed 128504K, reserved 628736K
  class space    used 15733K, capacity 17095K, committed 17228K, reserved 516096K
}
Event: 192.539 GC heap before
{Heap before GC invocations=65 (full 0):
 garbage-first heap   total 315392K, used 206085K [0x0000000080000000, 0x0000000100000000)
  region size 1024K, 58 young (59392K), 5 survivors (5120K)
 Metaspace       used 125439K, capacity 128997K, committed 129272K, reserved 628736K
  class space    used 15806K, capacity 17200K, committed 17228K, reserved 516096K
}
Event: 192.558 GC heap after
{Heap after GC invocations=66 (full 0):
 garbage-first heap   total 315392K, used 152035K [0x0000000080000000, 0x0000000100000000)
  region size 1024K, 5 young (5120K), 5 survivors (5120K)
 Metaspace       used 125439K, capacity 128997K, committed 129272K, reserved 628736K
  class space    used 15806K, capacity 17200K, committed 17228K, reserved 516096K
}

